2026-02-02T21:27:09.118Z [console][log] [Fast Refresh] done in 131ms
2026-02-02T21:27:15.541Z [console][log] [Fast Refresh] rebuilding
2026-02-02T21:27:15.541Z [console][log] [Fast Refresh] done in 103ms
2026-02-02T21:27:09.118Z [console][log] [Fast Refresh] done in 131ms
2026-02-02T21:27:15.541Z [console][log] [Fast Refresh] rebuilding
2026-02-02T21:27:15.541Z [console][log] [Fast Refresh] done in 103ms
2026-02-02T21:27:52.844Z [console][log] [Fast Refresh] rebuilding
2026-02-02T21:27:52.876Z [console][log] [Fast Refresh] done in 132ms
2026-02-02T21:27:58.807Z [console][log] [Fast Refresh] rebuilding
2026-02-02T21:27:58.844Z [console][log] [Fast Refresh] done in 138ms
2026-02-02T21:29:38.029Z [console][log] [Fast Refresh] rebuilding
2026-02-02T21:29:38.078Z [console][log] [Fast Refresh] done in 150ms
2026-02-02T21:29:38.029Z [console][log] [Fast Refresh] rebuilding
2026-02-02T21:29:38.078Z [console][log] [Fast Refresh] done in 150ms
2026-02-02T21:29:38.029Z [console][log] [Fast Refresh] rebuilding
2026-02-02T21:29:38.078Z [console][log] [Fast Refresh] done in 150ms
2026-02-02T21:30:15.092Z [console][log] [Fast Refresh] rebuilding
2026-02-02T21:30:15.126Z [console][log] [Fast Refresh] done in 135ms
2026-02-02T21:29:38.029Z [console][log] [Fast Refresh] rebuilding
2026-02-02T21:29:38.078Z [console][log] [Fast Refresh] done in 150ms
2026-02-02T21:30:15.092Z [console][log] [Fast Refresh] rebuilding
2026-02-02T21:30:15.126Z [console][log] [Fast Refresh] done in 135ms
2026-02-02T21:29:38.029Z [console][log] [Fast Refresh] rebuilding
2026-02-02T21:29:38.078Z [console][log] [Fast Refresh] done in 150ms
2026-02-02T21:30:15.092Z [console][log] [Fast Refresh] rebuilding
2026-02-02T21:30:15.126Z [console][log] [Fast Refresh] done in 135ms
2026-02-02T21:30:35.739Z [console][log] [Fast Refresh] rebuilding
2026-02-02T21:30:35.774Z [console][log] [Fast Refresh] done in 142ms
2026-02-04T14:48:20.853Z [console][warn] %cDownload the React DevTools for a better development experience: https://react.dev/link/react-devtools font-weight:bold
2026-02-04T14:48:21.146Z [console][warn] %cDownload the React DevTools for a better development experience: https://react.dev/link/react-devtools font-weight:bold
2026-02-04T14:48:24.474Z [network][POST 200] https://identitytoolkit.googleapis.com/v1/accounts:lookup?key=AIzaSyBT0er_GlHZLEzUwzX-okyRia9Irn4r7gE
  request: {"idToken":"eyJhbGciOiJSUzI1NiIsImtpZCI6IjRiMTFjYjdhYjVmY2JlNDFlOTQ4MDk0ZTlkZjRjNWI1ZWNhMDAwOWUiLCJ0eXAiOiJKV1QifQ.eyJuYW1lIjoiS2VubmV0aCBBbmRvaCIsImlzcyI6Imh0dHBzOi8vc2VjdXJldG9rZW4uZ29vZ2xlLmNvbS9jdi12YXVsdC1lYzMwNyIsImF1ZCI6ImN2LXZhdWx0LWVjMzA3IiwiYXV0aF90aW1lIjoxNzcwMDc0OTA4LCJ1c2VyX2lkIjoiendScFNvbEdTOWhDRE5ZdGFlclRnS3M3WUZyMiIsInN1YiI6Inp3UnBTb2xHUzloQ0ROWXRhZXJUZ0tzN1lGcjIiLCJpYXQiOjE3NzAyMTY1MDMsImV4cCI6MTc3MDIyMDEwMywiZW1haWwiOiJrZW5hbmRvaDA0QGdtYWlsLmNvbSIsImVtYWlsX3ZlcmlmaWVkIjpmYWxzZSwiZmlyZWJhc2UiOnsiaWRlbnRpdGllcyI6eyJlbWFpbCI6WyJrZW5hbmRvaDA0QGdtYWlsLmNvbSJdfSwic2lnbl9pbl9wcm92aWRlciI6InBhc3N3b3JkIn19.bPpDR55MiIweh8MtYSWS1ahk5ZL8ahMnk3nq9orMybqV2iQeKzFcH7b763mM0TMaP5ui_Fk4H78H4LFzaSCxf2jD3fTUw13gF4ipz7qg8O9aKDQttC2GnsJTcSZoMpQtqqvF81S8oohHx_phnWdzqrkYGszTwqXPTcSVkJ6ODyLmSc2z0oBkyXznNwoJAwZgzgBg7bvhPXFZ-K0QHI4Bz8jqsrmAwS8eJpp7Gq_GOG67U9zMuNwP49PJK3fWqwbzO5YyVjOWZNNLRnI-NWZvbo5QLLqWDj681wUA0akc8HxOMyr-9HPqeazMOeMIA-UGm6Ycpd1u-gizfh7T6nZ1NA"}
  response: {"kind":"identitytoolkit#GetAccountInfoResponse","users":[{"localId":"zwRpSolGS9hCDNYtaerTgKs7YFr2","email":"kenandoh04@gmail.com","displayName":"Kenneth Andoh","passwordHash":"UkVEQUNURUQ=","emailVerified":false,"passwordUpdatedAt":1770067547697,"providerUserInfo":[{"providerId":"password","displayName":"Kenneth Andoh","federatedId":"kenandoh04@gmail.com","email":"kenandoh04@gmail.com","rawId":"kenandoh04@gmail.com"}],"validSince":"1770067547","lastLoginAt":"1770187580560","createdAt":"1770067547697","lastRefreshAt":"2026-02-04T14:48:23.633401Z"}]}
